# JRE version: OpenJDK Runtime Environment Temurin-21.0.9+10 (21.0.9+10) (build 21.0.9+10-LTS)
# Java VM: OpenJDK 64-Bit Server VM Temurin-21.0.9+10 (21.0.9+10-LTS, mixed mode, sharing, tiered, compressed oops, compressed class ptrs, parallel gc, windows-amd64)
GC Precious Log:
 CardTable entry size: 512
 CPUs: 8 total, 8 available
 Memory: 14278M
 Large Page Support: Disabled
 NUMA Support: Disabled
 Compressed Oops: Enabled (32-bit)
 Alignments: Space 512K, Generation 512K, Heap 2M
 Heap Min Capacity: 100M
 Heap Initial Capacity: 100M
 Heap Max Capacity: 2G
 Pre-touch: Disabled
 Parallel Workers: 8
Heap:
 PSYoungGen      total 3072K, used 1056K [0x00000000d5580000, 0x00000000d5900000, 0x0000000100000000)
  eden space 2048K, 35% used [0x00000000d5580000,0x00000000d5638078,0x00000000d5780000)
  from space 1024K, 31% used [0x00000000d5780000,0x00000000d57d0000,0x00000000d5880000)
  to   space 512K, 0% used [0x00000000d5880000,0x00000000d5880000,0x00000000d5900000)
 ParOldGen       total 380928K, used 380821K [0x0000000080000000, 0x0000000097400000, 0x00000000d5580000)
  object space 380928K, 99% used [0x0000000080000000,0x00000000973e5680,0x0000000097400000)
 Metaspace       used 80587K, committed 82176K, reserved 1179648K
  class space    used 8382K, committed 9088K, reserved 1048576K
GC Heap History (20 events):
Event: 31695.845 GC heap before
{Heap before GC invocations=459 (full 3):
 PSYoungGen      total 3072K, used 2591K [0x00000000d5580000, 0x00000000d5980000, 0x0000000100000000)
  eden space 2048K, 99% used [0x00000000d5580000,0x00000000d577ffe8,0x00000000d5780000)
  from space 1024K, 53% used [0x00000000d5780000,0x00000000d5808000,0x00000000d5880000)
  to   space 1024K, 0% used [0x00000000d5880000,0x00000000d5880000,0x00000000d5980000)
 ParOldGen       total 377856K, used 377565K [0x0000000080000000, 0x0000000097100000, 0x00000000d5580000)
  object space 377856K, 99% used [0x0000000080000000,0x00000000970b7688,0x0000000097100000)
 Metaspace       used 80169K, committed 81792K, reserved 1179648K
  class space    used 8354K, committed 9088K, reserved 1048576K
}
Event: 31695.848 GC heap after
{Heap after GC invocations=459 (full 3):
 PSYoungGen      total 3072K, used 644K [0x00000000d5580000, 0x00000000d5980000, 0x0000000100000000)
  eden space 2048K, 0% used [0x00000000d5580000,0x00000000d5580000,0x00000000d5780000)
  from space 1024K, 62% used [0x00000000d5880000,0x00000000d5921210,0x00000000d5980000)
  to   space 1024K, 0% used [0x00000000d5780000,0x00000000d5780000,0x00000000d5880000)
 ParOldGen       total 378368K, used 378033K [0x0000000080000000, 0x0000000097180000, 0x00000000d5580000)
  object space 378368K, 99% used [0x0000000080000000,0x000000009712c698,0x0000000097180000)
 Metaspace       used 80169K, committed 81792K, reserved 1179648K
  class space    used 8354K, committed 9088K, reserved 1048576K
}
Event: 31695.868 GC heap before
{Heap before GC invocations=460 (full 3):
 PSYoungGen      total 3072K, used 2692K [0x00000000d5580000, 0x00000000d5980000, 0x0000000100000000)
  eden space 2048K, 100% used [0x00000000d5580000,0x00000000d5780000,0x00000000d5780000)
  from space 1024K, 62% used [0x00000000d5880000,0x00000000d5921210,0x00000000d5980000)
  to   space 1024K, 0% used [0x00000000d5780000,0x00000000d5780000,0x00000000d5880000)
 ParOldGen       total 378368K, used 378033K [0x0000000080000000, 0x0000000097180000, 0x00000000d5580000)
  object space 378368K, 99% used [0x0000000080000000,0x000000009712c698,0x0000000097180000)
 Metaspace       used 80172K, committed 81792K, reserved 1179648K
  class space    used 8354K, committed 9088K, reserved 1048576K
}
Event: 31695.871 GC heap after
{Heap after GC invocations=460 (full 3):
 PSYoungGen      total 3072K, used 576K [0x00000000d5580000, 0x00000000d5980000, 0x0000000100000000)
  eden space 2048K, 0% used [0x00000000d5580000,0x00000000d5580000,0x00000000d5780000)
  from space 1024K, 56% used [0x00000000d5780000,0x00000000d5810000,0x00000000d5880000)
  to   space 1024K, 0% used [0x00000000d5880000,0x00000000d5880000,0x00000000d5980000)
 ParOldGen       total 378880K, used 378570K [0x0000000080000000, 0x0000000097200000, 0x00000000d5580000)
  object space 378880K, 99% used [0x0000000080000000,0x00000000971b2ad0,0x0000000097200000)
 Metaspace       used 80172K, committed 81792K, reserved 1179648K
  class space    used 8354K, committed 9088K, reserved 1048576K
}
Event: 31701.339 GC heap before
{Heap before GC invocations=461 (full 3):
 PSYoungGen      total 3072K, used 2623K [0x00000000d5580000, 0x00000000d5980000, 0x0000000100000000)
  eden space 2048K, 99% used [0x00000000d5580000,0x00000000d577fff8,0x00000000d5780000)
  from space 1024K, 56% used [0x00000000d5780000,0x00000000d5810000,0x00000000d5880000)
  to   space 1024K, 0% used [0x00000000d5880000,0x00000000d5880000,0x00000000d5980000)
 ParOldGen       total 378880K, used 378570K [0x0000000080000000, 0x0000000097200000, 0x00000000d5580000)
  object space 378880K, 99% used [0x0000000080000000,0x00000000971b2ad0,0x0000000097200000)
 Metaspace       used 80227K, committed 81856K, reserved 1179648K
  class space    used 8354K, committed 9088K, reserved 1048576K
}
Event: 31701.342 GC heap after
{Heap after GC invocations=461 (full 3):
 PSYoungGen      total 2560K, used 352K [0x00000000d5580000, 0x00000000d5900000, 0x0000000100000000)
  eden space 2048K, 0% used [0x00000000d5580000,0x00000000d5580000,0x00000000d5780000)
  from space 512K, 68% used [0x00000000d5880000,0x00000000d58d8000,0x00000000d5900000)
  to   space 512K, 0% used [0x00000000d5800000,0x00000000d5800000,0x00000000d5880000)
 ParOldGen       total 379392K, used 379054K [0x0000000080000000, 0x0000000097280000, 0x00000000d5580000)
  object space 379392K, 99% used [0x0000000080000000,0x000000009722bae0,0x0000000097280000)
 Metaspace       used 80227K, committed 81856K, reserved 1179648K
  class space    used 8354K, committed 9088K, reserved 1048576K
}
Event: 31701.349 GC heap before
{Heap before GC invocations=462 (full 3):
 PSYoungGen      total 2560K, used 2400K [0x00000000d5580000, 0x00000000d5900000, 0x0000000100000000)
  eden space 2048K, 100% used [0x00000000d5580000,0x00000000d5780000,0x00000000d5780000)
  from space 512K, 68% used [0x00000000d5880000,0x00000000d58d8000,0x00000000d5900000)
  to   space 512K, 0% used [0x00000000d5800000,0x00000000d5800000,0x00000000d5880000)
 ParOldGen       total 379392K, used 379054K [0x0000000080000000, 0x0000000097280000, 0x00000000d5580000)
  object space 379392K, 99% used [0x0000000080000000,0x000000009722bae0,0x0000000097280000)
 Metaspace       used 80227K, committed 81856K, reserved 1179648K
  class space    used 8354K, committed 9088K, reserved 1048576K
}
Event: 31701.351 GC heap after
{Heap after GC invocations=462 (full 3):
 PSYoungGen      total 2560K, used 388K [0x00000000d5580000, 0x00000000d5900000, 0x0000000100000000)
  eden space 2048K, 0% used [0x00000000d5580000,0x00000000d5580000,0x00000000d5780000)
  from space 512K, 75% used [0x00000000d5800000,0x00000000d5861210,0x00000000d5880000)
  to   space 512K, 0% used [0x00000000d5880000,0x00000000d5880000,0x00000000d5900000)
 ParOldGen       total 379392K, used 379292K [0x0000000080000000, 0x0000000097280000, 0x00000000d5580000)
  object space 379392K, 99% used [0x0000000080000000,0x0000000097267260,0x0000000097280000)
 Metaspace       used 80227K, committed 81856K, reserved 1179648K
  class space    used 8354K, committed 9088K, reserved 1048576K
}
Event: 31701.385 GC heap before
{Heap before GC invocations=463 (full 3):
 PSYoungGen      total 2560K, used 2436K [0x00000000d5580000, 0x00000000d5900000, 0x0000000100000000)
  eden space 2048K, 100% used [0x00000000d5580000,0x00000000d5780000,0x00000000d5780000)
  from space 512K, 75% used [0x00000000d5800000,0x00000000d5861210,0x00000000d5880000)
  to   space 512K, 0% used [0x00000000d5880000,0x00000000d5880000,0x00000000d5900000)
 ParOldGen       total 379392K, used 379292K [0x0000000080000000, 0x0000000097280000, 0x00000000d5580000)
  object space 379392K, 99% used [0x0000000080000000,0x0000000097267260,0x0000000097280000)
 Metaspace       used 80261K, committed 81920K, reserved 1179648K
  class space    used 8355K, committed 9088K, reserved 1048576K
}
Event: 31701.388 GC heap after
{Heap after GC invocations=463 (full 3):
 PSYoungGen      total 2560K, used 448K [0x00000000d5580000, 0x00000000d5900000, 0x0000000100000000)
  eden space 2048K, 0% used [0x00000000d5580000,0x00000000d5580000,0x00000000d5780000)
  from space 512K, 87% used [0x00000000d5880000,0x00000000d58f0000,0x00000000d5900000)
  to   space 512K, 0% used [0x00000000d5800000,0x00000000d5800000,0x00000000d5880000)
 ParOldGen       total 379904K, used 379601K [0x0000000080000000, 0x0000000097300000, 0x00000000d5580000)
  object space 379904K, 99% used [0x0000000080000000,0x00000000972b4470,0x0000000097300000)
 Metaspace       used 80261K, committed 81920K, reserved 1179648K
  class space    used 8355K, committed 9088K, reserved 1048576K
}
Event: 31701.667 GC heap before
{Heap before GC invocations=464 (full 3):
 PSYoungGen      total 2560K, used 2496K [0x00000000d5580000, 0x00000000d5900000, 0x0000000100000000)
  eden space 2048K, 100% used [0x00000000d5580000,0x00000000d5780000,0x00000000d5780000)
  from space 512K, 87% used [0x00000000d5880000,0x00000000d58f0000,0x00000000d5900000)
  to   space 512K, 0% used [0x00000000d5800000,0x00000000d5800000,0x00000000d5880000)
 ParOldGen       total 379904K, used 379601K [0x0000000080000000, 0x0000000097300000, 0x00000000d5580000)
  object space 379904K, 99% used [0x0000000080000000,0x00000000972b4470,0x0000000097300000)
 Metaspace       used 80460K, committed 82048K, reserved 1179648K
  class space    used 8374K, committed 9088K, reserved 1048576K
}
Event: 31701.669 GC heap after
{Heap after GC invocations=464 (full 3):
 PSYoungGen      total 2560K, used 224K [0x00000000d5580000, 0x00000000d5900000, 0x0000000100000000)
  eden space 2048K, 0% used [0x00000000d5580000,0x00000000d5580000,0x00000000d5780000)
  from space 512K, 43% used [0x00000000d5800000,0x00000000d5838000,0x00000000d5880000)
  to   space 512K, 0% used [0x00000000d5880000,0x00000000d5880000,0x00000000d5900000)
 ParOldGen       total 380416K, used 379929K [0x0000000080000000, 0x0000000097380000, 0x00000000d5580000)
  object space 380416K, 99% used [0x0000000080000000,0x0000000097306470,0x0000000097380000)
 Metaspace       used 80460K, committed 82048K, reserved 1179648K
  class space    used 8374K, committed 9088K, reserved 1048576K
}
Event: 31702.424 GC heap before
{Heap before GC invocations=465 (full 3):
 PSYoungGen      total 2560K, used 2264K [0x00000000d5580000, 0x00000000d5900000, 0x0000000100000000)
  eden space 2048K, 99% used [0x00000000d5580000,0x00000000d577e2e8,0x00000000d5780000)
  from space 512K, 43% used [0x00000000d5800000,0x00000000d5838000,0x00000000d5880000)
  to   space 512K, 0% used [0x00000000d5880000,0x00000000d5880000,0x00000000d5900000)
 ParOldGen       total 380416K, used 379929K [0x0000000080000000, 0x0000000097380000, 0x00000000d5580000)
  object space 380416K, 99% used [0x0000000080000000,0x0000000097306470,0x0000000097380000)
 Metaspace       used 80520K, committed 82112K, reserved 1179648K
  class space    used 8377K, committed 9088K, reserved 1048576K
}
Event: 31702.426 GC heap after
{Heap after GC invocations=465 (full 3):
 PSYoungGen      total 2560K, used 224K [0x00000000d5580000, 0x00000000d5900000, 0x0000000100000000)
  eden space 2048K, 0% used [0x00000000d5580000,0x00000000d5580000,0x00000000d5780000)
  from space 512K, 43% used [0x00000000d5880000,0x00000000d58b8000,0x00000000d5900000)
  to   space 512K, 0% used [0x00000000d5800000,0x00000000d5800000,0x00000000d5880000)
 ParOldGen       total 380416K, used 380041K [0x0000000080000000, 0x0000000097380000, 0x00000000d5580000)
  object space 380416K, 99% used [0x0000000080000000,0x0000000097322470,0x0000000097380000)
 Metaspace       used 80520K, committed 82112K, reserved 1179648K
  class space    used 8377K, committed 9088K, reserved 1048576K
}
Event: 31702.706 GC heap before
{Heap before GC invocations=466 (full 3):
 PSYoungGen      total 2560K, used 2272K [0x00000000d5580000, 0x00000000d5900000, 0x0000000100000000)
  eden space 2048K, 100% used [0x00000000d5580000,0x00000000d5780000,0x00000000d5780000)
  from space 512K, 43% used [0x00000000d5880000,0x00000000d58b8000,0x00000000d5900000)
  to   space 512K, 0% used [0x00000000d5800000,0x00000000d5800000,0x00000000d5880000)
 ParOldGen       total 380416K, used 380041K [0x0000000080000000, 0x0000000097380000, 0x00000000d5580000)
  object space 380416K, 99% used [0x0000000080000000,0x0000000097322470,0x0000000097380000)
 Metaspace       used 80521K, committed 82112K, reserved 1179648K
  class space    used 8377K, committed 9088K, reserved 1048576K
}
Event: 31702.709 GC heap after
{Heap after GC invocations=466 (full 3):
 PSYoungGen      total 2560K, used 506K [0x00000000d5580000, 0x00000000d5980000, 0x0000000100000000)
  eden space 2048K, 0% used [0x00000000d5580000,0x00000000d5580000,0x00000000d5780000)
  from space 512K, 98% used [0x00000000d5800000,0x00000000d587e900,0x00000000d5880000)
  to   space 1024K, 0% used [0x00000000d5880000,0x00000000d5880000,0x00000000d5980000)
 ParOldGen       total 380416K, used 380281K [0x0000000080000000, 0x0000000097380000, 0x00000000d5580000)
  object space 380416K, 99% used [0x0000000080000000,0x000000009735e470,0x0000000097380000)
 Metaspace       used 80521K, committed 82112K, reserved 1179648K
  class space    used 8377K, committed 9088K, reserved 1048576K
}
Event: 31702.723 GC heap before
{Heap before GC invocations=467 (full 3):
 PSYoungGen      total 2560K, used 2554K [0x00000000d5580000, 0x00000000d5980000, 0x0000000100000000)
  eden space 2048K, 100% used [0x00000000d5580000,0x00000000d5780000,0x00000000d5780000)
  from space 512K, 98% used [0x00000000d5800000,0x00000000d587e900,0x00000000d5880000)
  to   space 1024K, 0% used [0x00000000d5880000,0x00000000d5880000,0x00000000d5980000)
 ParOldGen       total 380416K, used 380281K [0x0000000080000000, 0x0000000097380000, 0x00000000d5580000)
  object space 380416K, 99% used [0x0000000080000000,0x000000009735e470,0x0000000097380000)
 Metaspace       used 80552K, committed 82176K, reserved 1179648K
  class space    used 8378K, committed 9088K, reserved 1048576K
}
Event: 31702.726 GC heap after
{Heap after GC invocations=467 (full 3):
 PSYoungGen      total 3072K, used 612K [0x00000000d5580000, 0x00000000d5980000, 0x0000000100000000)
  eden space 2048K, 0% used [0x00000000d5580000,0x00000000d5580000,0x00000000d5780000)
  from space 1024K, 59% used [0x00000000d5880000,0x00000000d5919210,0x00000000d5980000)
  to   space 1024K, 0% used [0x00000000d5780000,0x00000000d5780000,0x00000000d5880000)
 ParOldGen       total 380928K, used 380717K [0x0000000080000000, 0x0000000097400000, 0x00000000d5580000)
  object space 380928K, 99% used [0x0000000080000000,0x00000000973cb680,0x0000000097400000)
 Metaspace       used 80552K, committed 82176K, reserved 1179648K
  class space    used 8378K, committed 9088K, reserved 1048576K
}
Event: 31719.944 GC heap before
{Heap before GC invocations=468 (full 3):
 PSYoungGen      total 3072K, used 2660K [0x00000000d5580000, 0x00000000d5980000, 0x0000000100000000)
  eden space 2048K, 100% used [0x00000000d5580000,0x00000000d5780000,0x00000000d5780000)
  from space 1024K, 59% used [0x00000000d5880000,0x00000000d5919210,0x00000000d5980000)
  to   space 1024K, 0% used [0x00000000d5780000,0x00000000d5780000,0x00000000d5880000)
 ParOldGen       total 380928K, used 380717K [0x0000000080000000, 0x0000000097400000, 0x00000000d5580000)
  object space 380928K, 99% used [0x0000000080000000,0x00000000973cb680,0x0000000097400000)
 Metaspace       used 80585K, committed 82176K, reserved 1179648K
  class space    used 8382K, committed 9088K, reserved 1048576K
}
Event: 31719.947 GC heap after
{Heap after GC invocations=468 (full 3):
 PSYoungGen      total 3072K, used 320K [0x00000000d5580000, 0x00000000d5900000, 0x0000000100000000)
  eden space 2048K, 0% used [0x00000000d5580000,0x00000000d5580000,0x00000000d5780000)
  from space 1024K, 31% used [0x00000000d5780000,0x00000000d57d0000,0x00000000d5880000)
  to   space 512K, 0% used [0x00000000d5880000,0x00000000d5880000,0x00000000d5900000)
 ParOldGen       total 380928K, used 380821K [0x0000000080000000, 0x0000000097400000, 0x00000000d5580000)
  object space 380928K, 99% used [0x0000000080000000,0x00000000973e5680,0x0000000097400000)
 Metaspace       used 80585K, committed 82176K, reserved 1179648K
  class space    used 8382K, committed 9088K, reserved 1048576K
}

